"inlet-mass-rfile"
"Iteration" "inlet-mass"
("Iteration" "inlet-mass")
1 395.1605000000004
2 395.1605000000004
3 395.1605000000004
4 395.1605000000004
5 395.1605000000004
6 395.1605000000004
7 395.1605000000004
8 395.1605000000004
9 395.1605000000004
10 395.1605000000004
11 395.1605000000004
12 395.1605000000004
13 395.1605000000004
14 395.1605000000004
15 395.1605000000004
16 395.1605000000004
17 395.1605000000004
18 395.1605000000004
19 395.1605000000004
20 395.1605000000004
21 395.1605000000004
22 395.1605000000004
23 395.1605000000004
24 395.1605000000004
25 395.1605000000004
26 395.1605000000004
27 395.1605000000004
28 395.1605000000004
29 395.1605000000004
30 395.1605000000004
31 395.1605000000004
32 395.1605000000004
33 395.1605000000004
34 395.1605000000004
35 395.1605000000004
36 395.1605000000004
37 395.1605000000004
38 395.1605000000004
39 395.1605000000004
40 395.1605000000004
41 395.1605000000004
42 395.1605000000004
43 395.1605000000004
44 395.1605000000004
45 395.1605000000004
46 395.1605000000004
47 395.1605000000004
48 395.1605000000004
49 395.1605000000004
50 395.1605000000004
51 395.1605000000004
52 395.1605000000004
53 395.1605000000004
54 395.1605000000004
55 395.1605000000004
56 395.1605000000004
57 395.1605000000004
58 395.1605000000004
59 395.1605000000004
60 395.1605000000004
61 395.1605000000004
62 395.1605000000004
63 395.1605000000004
64 395.1605000000004
65 395.1605000000004
66 395.1605000000004
67 395.1605000000004
68 395.1605000000004
69 395.1605000000004
70 395.1605000000004
71 395.1605000000004
72 395.1605000000004
73 395.1605000000004
74 395.1605000000004
75 395.1605000000004
76 395.1605000000004
77 395.1605000000004
78 395.1605000000004
79 395.1605000000004
80 395.1605000000004
81 395.1605000000004
82 395.1605000000004
83 395.1605000000004
84 395.1605000000004
85 395.1605000000004
86 395.1605000000004
87 395.1605000000004
88 395.1605000000004
89 395.1605000000004
90 395.1605000000004
91 395.1605000000004
92 395.1605000000004
93 395.1605000000004
94 395.1605000000004
95 395.1605000000004
96 395.1605000000004
97 395.1605000000004
98 395.1605000000004
99 395.1605000000004
100 395.1605000000004
101 395.1605000000004
102 395.1605000000004
103 395.1605000000004
104 395.1605000000004
105 395.1605000000004
106 395.1605000000004
107 395.1605000000004
108 395.1605000000004
109 395.1605000000004
110 395.1605000000004
111 395.1605000000004
112 395.1605000000004
113 395.1605000000004
114 395.1605000000004
115 395.1605000000004
116 395.1605000000004
117 395.1605000000004
118 395.1605000000004
119 395.1605000000004
120 395.1605000000004
121 395.1605000000004
122 395.1605000000004
123 395.1605000000004
124 395.1605000000004
125 395.1605000000004
126 395.1605000000004
127 395.1605000000004
128 395.1605000000004
129 395.1605000000004
130 395.1605000000004
131 395.1605000000004
132 395.1605000000004
133 395.1605000000004
134 395.1605000000004
135 395.1605000000004
136 395.1605000000004
137 395.1605000000004
138 395.1605000000004
139 395.1605000000004
140 395.1605000000004
141 395.1605000000004
142 395.1605000000004
143 395.1605000000004
144 395.1605000000004
145 395.1605000000004
146 395.1605000000004
147 395.1605000000004
148 395.1605000000004
149 395.1605000000004
150 395.1605000000004
151 395.1605000000004
152 395.1605000000004
153 395.1605000000004
154 395.1605000000004
155 395.1605000000004
156 395.1605000000004
157 395.1605000000004
158 395.1605000000004
159 395.1605000000004
160 395.1605000000004
161 395.1605000000004
162 395.1605000000004
163 395.1605000000004
164 395.1605000000004
165 395.1605000000004
166 395.1605000000004
167 395.1605000000004
168 395.1605000000004
169 395.1605000000004
170 395.1605000000004
171 395.1605000000004
172 395.1605000000004
173 395.1605000000004
174 395.1605000000004
175 395.1605000000004
176 395.1605000000004
177 395.1605000000004
178 395.1605000000004
179 395.1605000000004
180 395.1605000000004
181 395.1605000000004
182 395.1605000000004
183 395.1605000000004
184 395.1605000000004
185 395.1605000000004
186 395.1605000000004
187 395.1605000000004
188 395.1605000000004
189 395.1605000000004
190 395.1605000000004
191 395.1605000000004
192 395.1605000000004
193 395.1605000000004
194 395.1605000000004
195 395.1605000000004
196 395.1605000000004
197 395.1605000000004
198 395.1605000000004
199 395.1605000000004
200 395.1605000000004
201 395.1605000000004
202 395.1605000000004
203 395.1605000000004
204 395.1605000000004
205 395.1605000000004
206 395.1605000000004
207 395.1605000000004
208 395.1605000000004
209 395.1605000000004
210 395.1605000000004
211 395.1605000000004
212 395.1605000000004
213 395.1605000000004
214 395.1605000000004
215 395.1605000000004
216 395.1605000000004
217 395.1605000000004
218 395.1605000000004
219 395.1605000000004
220 395.1605000000004
221 395.1605000000004
222 395.1605000000004
223 395.1605000000004
224 395.1605000000004
225 395.1605000000004
226 395.1605000000004
227 395.1605000000004
228 395.1605000000004
229 395.1605000000004
230 395.1605000000004
231 395.1605000000004
232 395.1605000000004
233 395.1605000000004
234 395.1605000000004
235 395.1605000000004
236 395.1605000000004
237 395.1605000000004
238 395.1605000000004
239 395.1605000000004
240 395.1605000000004
241 395.1605000000004
242 395.1605000000004
243 395.1605000000004
244 395.1605000000004
245 395.1605000000004
246 395.1605000000004
247 395.1605000000004
248 395.1605000000004
249 395.1605000000004
250 395.1605000000004
251 395.1605000000004
252 395.1605000000004
253 395.1605000000004
254 395.1605000000004
255 395.1605000000004
256 395.1605000000004
257 395.1605000000004
258 395.1605000000004
259 395.1605000000004
260 395.1605000000004
261 395.1605000000004
262 395.1605000000004
263 395.1605000000004
264 395.1605000000004
265 395.1605000000004
266 395.1605000000004
267 395.1605000000004
268 395.1605000000004
269 395.1605000000004
270 395.1605000000004
271 395.1605000000004
272 395.1605000000004
273 395.1605000000004
274 395.1605000000004
275 395.1605000000004
276 395.1605000000004
277 395.1605000000004
278 395.1605000000004
279 395.1605000000004
280 395.1605000000004
281 395.1605000000004
282 395.1605000000004
283 395.1605000000004
284 395.1605000000004
285 395.1605000000004
286 395.1605000000004
287 395.1605000000004
288 395.1605000000004
289 395.1605000000004
290 395.1605000000004
291 395.1605000000004
292 395.1605000000004
293 395.1605000000004
294 395.1605000000004
295 395.1605000000004
296 395.1605000000004
297 395.1605000000004
298 395.1605000000004
299 395.1605000000004
300 395.1605000000004
301 395.1605000000004
302 395.1605000000004
303 395.1605000000004
304 395.1605000000004
305 395.1605000000004
306 395.1605000000004
307 395.1605000000004
308 395.1605000000004
309 395.1605000000004
310 395.1605000000004
311 395.1605000000004
312 395.1605000000004
313 395.1605000000004
314 395.1605000000004
315 395.1605000000004
316 395.1605000000004
317 395.1605000000004
318 395.1605000000004
319 395.1605000000004
320 395.1605000000004
321 395.1605000000004
322 395.1605000000004
323 395.1605000000004
324 395.1605000000004
325 395.1605000000004
326 395.1605000000004
327 395.1605000000004
328 395.1605000000004
329 395.1605000000004
330 395.1605000000004
331 395.1605000000004
332 395.1605000000004
333 395.1605000000004
334 395.1605000000004
335 395.1605000000004
336 395.1605000000004
337 395.1605000000004
338 395.1605000000004
339 395.1605000000004
340 395.1605000000004
341 395.1605000000004
342 395.1605000000004
343 395.1605000000004
344 395.1605000000004
345 395.1605000000004
346 395.1605000000004
347 395.1605000000004
348 395.1605000000004
349 395.1605000000004
350 395.1605000000004
351 395.1605000000004
352 395.1605000000004
353 395.1605000000004
354 395.1605000000004
355 395.1605000000004
356 395.1605000000004
357 395.1605000000004
358 395.1605000000004
359 395.1605000000004
360 395.1605000000004
361 395.1605000000004
362 395.1605000000004
363 395.1605000000004
364 395.1605000000004
365 395.1605000000004
366 395.1605000000004
367 395.1605000000004
368 395.1605000000004
369 395.1605000000004
370 395.1605000000004
371 395.1605000000004
372 395.1605000000004
373 395.1605000000004
374 395.1605000000004
375 395.1605000000004
376 395.1605000000004
377 395.1605000000004
378 395.1605000000004
379 395.1605000000004
380 395.1605000000004
381 395.1605000000004
382 395.1605000000004
383 395.1605000000004
384 395.1605000000004
385 395.1605000000004
386 395.1605000000004
387 395.1605000000004
388 395.1605000000004
389 395.1605000000004
390 395.1605000000004
391 395.1605000000004
392 395.1605000000004
393 395.1605000000004
394 395.1605000000004
395 395.1605000000004
396 395.1605000000004
397 395.1605000000004
398 395.1605000000004
399 395.1605000000004
400 395.1605000000004
401 395.1605000000004
402 395.1605000000004
403 395.1605000000004
404 395.1605000000004
405 395.1605000000004
406 395.1605000000004
407 395.1605000000004
408 395.1605000000004
409 395.1605000000004
410 395.1605000000004
411 395.1605000000004
412 395.1605000000004
413 395.1605000000004
414 395.1605000000004
415 395.1605000000004
416 395.1605000000004
417 395.1605000000004
418 395.1605000000004
419 395.1605000000004
420 395.1605000000004
421 395.1605000000004
422 395.1605000000004
423 395.1605000000004
424 395.1605000000004
425 395.1605000000004
426 395.1605000000004
427 395.1605000000004
428 395.1605000000004
429 395.1605000000004
430 395.1605000000004
431 395.1605000000004
432 395.1605000000004
433 395.1605000000004
434 395.1605000000004
435 395.1605000000004
436 395.1605000000004
437 395.1605000000004
438 395.1605000000004
439 395.1605000000004
440 395.1605000000004
441 395.1605000000004
442 395.1605000000004
443 395.1605000000004
444 395.1605000000004
445 395.1605000000004
446 395.1605000000004
447 395.1605000000004
448 395.1605000000004
449 395.1605000000004
450 395.1605000000004
451 395.1605000000004
452 395.1605000000004
453 395.1605000000004
454 395.1605000000004
455 395.1605000000004
456 395.1605000000004
457 395.1605000000004
458 395.1605000000004
459 395.1605000000004
460 395.1605000000004
461 395.1605000000004
462 395.1605000000004
463 395.1605000000004
464 395.1605000000004
465 395.1605000000004
466 395.1605000000004
467 395.1605000000004
468 395.1605000000004
469 395.1605000000004
470 395.1605000000004
471 395.1605000000004
472 395.1605000000004
473 395.1605000000004
474 395.1605000000004
475 395.1605000000004
476 395.1605000000004
477 395.1605000000004
478 395.1605000000004
479 395.1605000000004
480 395.1605000000004
481 395.1605000000004
482 395.1605000000004
483 395.1605000000004
484 395.1605000000004
485 395.1605000000004
486 395.1605000000004
487 395.1605000000004
488 395.1605000000004
489 395.1605000000004
490 395.1605000000004
491 395.1605000000004
492 395.1605000000004
493 395.1605000000004
494 395.1605000000004
495 395.1605000000004
496 395.1605000000004
497 395.1605000000004
498 395.1605000000004
499 395.1605000000004
500 395.1605000000004
