"outlet-mass-rfile"
"Iteration" "outlet-mass"
("Iteration" "outlet-mass")
1 -395.0951103552248
2 -394.9633671974196
3 -395.2866563649239
4 -395.6090913274012
5 -395.4211090101349
6 -395.2712941069132
7 -395.1294230323657
8 -395.1131519684264
9 -395.096444449013
10 -395.0901139648998
11 -395.1224790803734
12 -395.0836685472044
13 -395.0834902528528
14 -395.0656515684555
15 -395.0513291166693
16 -395.0524989971299
17 -395.040707144419
18 -395.0458452356212
19 -395.0452771163854
20 -395.0515171941137
21 -395.064342049833
22 -395.0724947348686
23 -395.0883637454334
24 -395.0906729220118
25 -395.092475553176
26 -395.1073841930934
27 -395.1194069681756
28 -395.1411018101998
29 -395.1565140255705
30 -395.1836813582806
31 -395.1930773060123
32 -395.2093379671155
33 -395.2266029973604
34 -395.2350668250006
35 -395.2415254497779
36 -395.2451370267907
37 -395.236176892362
38 -395.2241018019753
39 -395.2160612480806
40 -395.2024488359782
41 -395.1867684905822
42 -395.167760317925
43 -395.1605446381758
44 -395.1454114537859
45 -395.1388787990789
46 -395.1292317187358
47 -395.1171560200648
48 -395.105493857075
49 -395.0993208654147
50 -395.0998790125486
51 -395.0971654160848
52 -395.1055773418244
53 -395.116565739063
54 -395.1128913619148
55 -395.1219651145828
56 -395.1345526670041
57 -395.1387242886074
58 -395.1307765925266
59 -395.1337497886398
60 -395.1343046950328
61 -395.151531487698
62 -395.1358364386132
63 -395.1456983453879
64 -395.1401435684779
65 -395.1497864136542
66 -395.1586561364531
67 -395.1649693994433
68 -395.1642145080356
69 -395.1780599526003
70 -395.1739449358301
71 -395.1853933028877
72 -395.2034641123221
73 -395.2075646460332
74 -395.2023879924628
75 -395.1919762891926
76 -395.1981614843817
77 -395.1962749761522
78 -395.1947054192587
79 -395.1933688232324
80 -395.182615714736
81 -395.1735924099709
82 -395.1632190792196
83 -395.1605086230986
84 -395.1572413603415
85 -395.1562606933779
86 -395.1539683059365
87 -395.1531703273353
88 -395.1537254973975
89 -395.1528503850504
90 -395.1536341764869
91 -395.1543506149642
92 -395.1545444513828
93 -395.1541758912205
94 -395.1543780217002
95 -395.1539414218061
96 -395.1540684081066
97 -395.1537610101606
98 -395.1527813239636
99 -395.1524892043409
100 -395.1516127990366
101 -395.1522862558649
102 -395.1521525025087
103 -395.151947246235
104 -395.1522093304536
105 -395.1528682245917
106 -395.1534801941241
107 -395.1541195833023
108 -395.1549145219979
109 -395.1557628374135
110 -395.1565730074089
111 -395.157220932022
112 -395.1580219889909
113 -395.1587713189272
114 -395.1591627095716
115 -395.1595413728828
116 -395.1598619706134
117 -395.160323087559
118 -395.1605358175282
119 -395.16068559316
120 -395.1606379279875
121 -395.1604692883823
122 -395.1602441883217
123 -395.1600870008243
124 -395.1597754561405
125 -395.1595878260682
126 -395.159343440387
127 -395.1591395576615
128 -395.1589201619284
129 -395.1589217109744
130 -395.1589410552912
131 -395.1588319527718
132 -395.1588806525358
133 -395.1589102608916
134 -395.1589943166459
135 -395.1590362165643
136 -395.1591457809094
137 -395.15930806208
138 -395.1593934865645
139 -395.1595109751415
140 -395.1596259703153
141 -395.1597920833254
142 -395.1598099199419
143 -395.159926178221
144 -395.1600218219871
145 -395.16018765173
146 -395.1603067747027
147 -395.1604298219091
148 -395.1603733231124
149 -395.1602119996696
150 -395.1602265611858
151 -395.1603018585063
152 -395.1603222511902
153 -395.1603382448824
154 -395.1603412624515
155 -395.1601983193954
156 -395.160263900821
157 -395.1602903641108
158 -395.1603328320728
159 -395.1601861623669
160 -395.1603504612908
161 -395.1604398797096
162 -395.1605783946667
163 -395.1605969007337
164 -395.1606336474601
165 -395.1606057297815
166 -395.1607481870369
167 -395.1608563834351
168 -395.1608466045959
169 -395.1609884859092
170 -395.1610689854772
171 -395.1610827761847
172 -395.1610417743327
173 -395.1609805551947
174 -395.1609813761729
175 -395.1609166298471
176 -395.1608179338191
177 -395.160726748713
178 -395.1607498428478
179 -395.1606426667312
180 -395.1606225530485
181 -395.1607154100945
182 -395.1608178960001
183 -395.1609178980229
184 -395.1609667506831
185 -395.1611015783721
186 -395.1611289227542
187 -395.1611246441453
188 -395.1611323622536
189 -395.1610908410585
190 -395.1611112809923
191 -395.1610971766575
192 -395.1611286663162
193 -395.161137530847
194 -395.1612442537382
195 -395.1612248883204
196 -395.1611420391918
197 -395.1610860102599
198 -395.1610426828561
199 -395.1610353187682
200 -395.160983842506
201 -395.1609293690188
202 -395.1608593663792
203 -395.1608513158761
204 -395.1608049624584
205 -395.1608239792204
206 -395.1607994866773
207 -395.1607622264754
208 -395.1607161398676
209 -395.1606832282918
210 -395.1606354814508
211 -395.1606135062119
212 -395.160552757231
213 -395.1605796597134
214 -395.1605995645371
215 -395.1605951125101
216 -395.1605405101898
217 -395.1605518575715
218 -395.1604822597215
219 -395.1604226984013
220 -395.1604233565416
221 -395.1604393583542
222 -395.1603959608391
223 -395.1603980765294
224 -395.1603434208877
225 -395.1603647693364
226 -395.1603409906393
227 -395.1602506589409
228 -395.1602733231749
229 -395.1603114690916
230 -395.1602439278251
231 -395.1602638838404
232 -395.160191383005
233 -395.1602472014227
234 -395.1602541295348
235 -395.160253617756
236 -395.1602820873111
237 -395.160212338046
238 -395.1601386318004
239 -395.1600613216069
240 -395.1601172118762
241 -395.1601479068735
242 -395.1601090853529
243 -395.1600885340935
244 -395.160132939432
245 -395.1601759223003
246 -395.1601774579012
247 -395.1601770939639
248 -395.1600887056495
249 -395.159997080963
250 -395.1600226874368
251 -395.1600060341767
252 -395.160021494964
253 -395.1600238958943
254 -395.1600664940921
255 -395.1599814947941
256 -395.1600089625429
257 -395.1600134422118
258 -395.159939054725
259 -395.1599904151288
260 -395.1599649600342
261 -395.1599990398036
262 -395.1599008465556
263 -395.1599349921642
264 -395.1598824808112
265 -395.1599704049926
266 -395.159909275893
267 -395.1598960854495
268 -395.1599840543554
269 -395.1599752810243
270 -395.1600286004773
271 -395.1600998266391
272 -395.1600289489684
273 -395.1600887459721
274 -395.1601349248236
275 -395.1602291360549
276 -395.1602234632747
277 -395.1602870349849
278 -395.1603463838975
279 -395.16039333386
280 -395.1603858328519
281 -395.1603700256713
282 -395.1603985201268
283 -395.1603425700645
284 -395.1604243614981
285 -395.1603820096502
286 -395.1603765012028
287 -395.1603944999972
288 -395.1604132096192
289 -395.1604095676859
290 -395.1604509634175
291 -395.1604558730355
292 -395.1604545117439
293 -395.1604711828775
294 -395.1604616064512
295 -395.1605724076657
296 -395.1606111850385
297 -395.1606427415904
298 -395.160618465789
299 -395.1606811521904
300 -395.1607152989872
301 -395.1607692598155
302 -395.1607850443075
303 -395.1608528995586
304 -395.1608157400641
305 -395.1608153864629
306 -395.1608236310668
307 -395.1608184528681
308 -395.1608528580924
309 -395.1608120431151
310 -395.1607954982429
311 -395.1607961992185
312 -395.1607831316302
313 -395.1607439112624
314 -395.1606862526975
315 -395.1606754009335
316 -395.1606906638779
317 -395.1606632132392
318 -395.160664117378
319 -395.1606665998679
320 -395.1606433850318
321 -395.1606589162326
322 -395.1606870642788
323 -395.1607019553635
324 -395.1606922579663
325 -395.1607028570821
326 -395.1607189020862
327 -395.1607292507771
328 -395.1607533849215
329 -395.1607819345588
330 -395.1607880114163
331 -395.1607980799512
332 -395.1607951449514
333 -395.1608021978501
334 -395.1607976489504
335 -395.1607805945359
336 -395.1607487747266
337 -395.1607647109611
338 -395.1607419132304
339 -395.1607495200603
340 -395.1607395998847
341 -395.1607462543749
342 -395.1607063268027
343 -395.1607167515509
344 -395.1606617481079
345 -395.1606674328423
346 -395.1606317783197
347 -395.160662084738
348 -395.1606439870867
349 -395.1606508797104
350 -395.1606416372702
351 -395.1606625393244
352 -395.160654213337
353 -395.1606724718119
354 -395.1606642374707
355 -395.1606889518155
356 -395.1606820178287
357 -395.1606999737774
358 -395.1606841489444
359 -395.1606970323713
360 -395.1606900931918
361 -395.1606784965464
362 -395.1606632686473
363 -395.1606380312067
364 -395.1606238708201
365 -395.1606200987948
366 -395.1606303138814
367 -395.1606203055134
368 -395.1606080228481
369 -395.1606014333746
370 -395.1605909738989
371 -395.1605778136825
372 -395.1605773699139
373 -395.1605738122792
374 -395.1605542453648
375 -395.1605611371857
376 -395.1605488247283
377 -395.1605328836794
378 -395.1605128877232
379 -395.1605032047524
380 -395.1604893591421
381 -395.1604764212485
382 -395.1604671582194
383 -395.1604834187171
384 -395.1604694708456
385 -395.1604705080781
386 -395.1604713466873
387 -395.1604792071405
388 -395.1604803828943
389 -395.1604669055347
390 -395.1604619486302
391 -395.1604758710441
392 -395.1604616056215
393 -395.1604752710529
394 -395.1604675056375
395 -395.1604556580456
396 -395.1604338683944
397 -395.1604539981132
398 -395.1604625510786
399 -395.1604643855002
400 -395.1604564799595
401 -395.1604439737578
402 -395.1603909327226
403 -395.1603897901828
404 -395.1604240035343
405 -395.1604144465873
406 -395.160428288936
407 -395.1604025678274
408 -395.1604269662575
409 -395.1604184320987
410 -395.1603906696158
411 -395.1603636906322
412 -395.1603754395084
413 -395.1603885390705
414 -395.1603733170335
415 -395.1603359079485
416 -395.1603221073368
417 -395.160341611343
418 -395.1603103925035
419 -395.1603153310446
420 -395.1603267781882
421 -395.160328716424
422 -395.1603335944316
423 -395.1603304976352
424 -395.1603304102249
425 -395.1603459927803
426 -395.1603595896129
427 -395.1603704346759
428 -395.1603610978966
429 -395.1603650485025
430 -395.1603716395694
431 -395.1603903006029
432 -395.1604133772735
433 -395.1604288668424
434 -395.1604118454247
435 -395.1604243813846
436 -395.1604345684462
437 -395.1604463729614
438 -395.1604616955586
439 -395.1604643914642
440 -395.1604571203618
441 -395.1604707876685
442 -395.1604702747096
443 -395.1604655394666
444 -395.1604776906212
445 -395.1604788659227
446 -395.160473996867
447 -395.1604639197681
448 -395.1604486447191
449 -395.1604335644344
450 -395.1604267530797
451 -395.1604139712455
452 -395.1604233863871
453 -395.1604314212109
454 -395.1604476141488
455 -395.1604671876728
456 -395.1604799576927
457 -395.160517345428
458 -395.1605282796418
459 -395.1605559482543
460 -395.1605799342159
461 -395.1605724893946
462 -395.1605683816467
463 -395.1605550942754
464 -395.1605616194099
465 -395.160562095566
466 -395.160548729338
467 -395.1605215534504
468 -395.1605113672827
469 -395.1604966987246
470 -395.160489083216
471 -395.1604693184329
472 -395.1604711474827
473 -395.1604678447368
474 -395.1604351016121
475 -395.1604153198512
476 -395.1604145276191
477 -395.1604199654102
478 -395.160405734038
479 -395.1604158083567
480 -395.1604377577664
481 -395.1604500371284
482 -395.1604697508486
483 -395.1605006217713
484 -395.1604879338217
485 -395.1605198991653
486 -395.160558476803
487 -395.160575130745
488 -395.1606071312594
489 -395.1606166183623
490 -395.1605867559991
491 -395.1605984511857
492 -395.1605986204456
493 -395.1606085178897
494 -395.1606095719168
495 -395.1606109893634
496 -395.1606011117802
497 -395.1606017976049
498 -395.1606182208736
499 -395.160637920847
500 -395.1606468160986
