"report-def-0-rfile"
"Time Step" "massflowrate etc.."
("Time Step" "massflowrate" "flow-time")
0 3.552713678800501e-15 0
1 -0.0007816754061522602 0.05
2 0.001141904929735205 0.1
3 0.0001483306642420246 0.15
4 8.381054067641003e-05 0.2
5 -2.489025680674217e-05 0.25
6 -0.0001064909965258209 0.3
7 -0.0001733881824463879 0.35
8 -0.0002263299601068525 0.4
9 -0.000263861445446878 0.45
10 -0.0002345418316025416 0.5
11 -0.0001879244007056968 0.55
12 -8.024949644891421e-05 0.6000000000000001
13 -4.681792440663912e-05 0.65
14 1.216975778817186e-06 0.7000000000000001
15 5.380536999410879e-05 0.75
16 7.712829927086773e-05 0.8
17 6.887907240482605e-05 0.8500000000000001
18 4.624509973183422e-06 0.9
19 -3.462721957703252e-05 0.9500000000000001
20 -2.369910010457943e-06 1
21 -8.707071078362105e-06 1.05
22 -2.165653375740817e-05 1.1
23 -0.0001010592471750726 1.15
24 -0.0001017459750691785 1.2
25 -6.322771938371829e-05 1.25
26 2.335096973737905e-05 1.3
27 3.007476871275117e-05 1.35
28 -3.611344844856035e-05 1.4
29 -3.285718117496117e-05 1.45
30 4.319955811737941e-05 1.5
31 4.993760565241701e-05 1.55
32 1.545800625279981e-06 1.6
33 -2.319231128566912e-05 1.65
34 3.322842389863467e-05 1.7
35 4.012630440541898e-05 1.75
36 -2.348112997552221e-05 1.8
37 -5.247701405863836e-05 1.85
38 2.225146850065585e-05 1.9
39 1.975065815429389e-05 1.95
40 -3.345247774433346e-05 2
41 -3.809672873344994e-05 2.05
42 1.660965051186736e-05 2.1
43 4.302469454486868e-05 2.15
44 -9.690219503255548e-06 2.2
45 -6.326736876260952e-05 2.25
46 -3.786254939797118e-06 2.3
47 4.154623755425746e-05 2.35
48 3.879769124637278e-06 2.4
49 -5.335010692775199e-05 2.45
50 -1.125148186886804e-05 2.5
51 5.41248058993915e-05 2.55
52 1.448904965783981e-05 2.6
53 -3.377147005068082e-05 2.65
54 -1.231714979255116e-05 2.7
55 4.471562814600816e-05 2.75
56 1.175592414170978e-05 2.8
57 -2.909586563148991e-05 2.85
58 -4.48868703877281e-05 2.9
59 1.782956361040533e-05 2.95
