"report-def-0-rfile"
"Iteration" "report-def-0"
("Iteration" "report-def-0")
1 0.005582862153163504
2 -0.01353030604289707
3 -0.03387983486994983
4 -0.07304181832524925
5 -0.09746909630836242
6 -0.1104410791671526
7 -0.1000642760764361
8 -0.08016796968189333
9 -0.08432534625543298
10 -0.08601921301882065
11 -0.08397687255937214
12 -0.08430839823418879
13 -0.08011123949371424
14 -0.07453689024367272
15 -0.0649396833091398
16 -0.0577199524987364
17 -0.04748609809574234
18 -0.03605291495535035
19 -0.02487374058493508
20 -0.01627864883039898
21 -0.007281984683434217
22 0.001797557239788361
23 0.009400209945415128
24 0.01501882783252739
25 0.02123874076427157
26 0.02634111475624934
27 0.02872571466777885
28 0.03051746039013281
29 0.03085459270911173
30 0.03054485880871738
31 0.02772917218116433
32 0.02627404695607893
33 0.02272437492486645
34 0.01958282979983039
35 0.01601438502014219
36 0.01253554876488572
37 0.009343579835167759
38 0.006161726298433479
39 0.003290031977874364
40 0.001005217828033977
41 -0.001031767832669672
42 -0.002671378585734629
43 -0.00405246030073414
44 -0.004856992197828092
45 -0.005147001546546903
46 -0.005056885499207908
47 -0.004619489332892357
48 -0.004135708330649024
49 -0.003569559523480592
50 -0.002431712508624173
51 -0.001670815617536903
52 -0.001032251960817021
53 -0.0001853373349014475
54 0.0003863599839384335
55 0.0006896058804972682
56 0.001314766888704355
57 0.001637814483981259
58 0.001908267297970667
59 0.002012999215217803
60 0.001739808670958354
61 0.001596679584356053
62 0.001520766183517708
63 0.001720479561559074
64 0.001846420739610721
65 0.002012475915826428
66 0.002161543847282843
67 0.002241324720195337
68 0.002339417890976137
69 0.002599312193243719
70 0.002659529924805781
71 0.00277570108521985
72 0.002693916561039345
73 0.002679814598529617
74 0.002321629367571632
75 0.001926370799331778
76 0.001406610428695387
77 0.001004226957601162
78 0.0005757868293123636
79 0.0002639819968983659
80 -2.183633345254066e-06
81 4.243866668574015e-05
82 7.923124178077501e-05
83 -0.0002057918370930167
84 -0.0003067662481690547
85 -0.0003495474244559205
86 -0.0004684871913056554
87 -0.0005477431596609961
88 -0.0006049671742438534
89 -0.0005075002346757174
90 -0.0005198837771516196
91 -0.0005809415224558023
92 -0.0006113454743044144
93 -0.0006384116502697879
94 -0.0006442931526855489
95 -0.0006795886427042319
96 -0.0007329592181406497
97 -0.0007611018269404468
98 -0.0007841838557158809
99 -0.0006563612877794611
100 -0.0005564875459072027
101 -0.000361808126355001
102 -0.0003494722135624073
103 -0.0002974230779386744
104 -0.0002565541996837339
105 -6.111868862568315e-05
106 8.36761829674515e-05
107 0.0002475891545490327
108 0.0003742470607281945
109 0.0004603437356500706
110 0.0004847348629688497
111 0.0005900218146486225
112 0.0006849856032182799
113 0.0008055862681928261
114 0.000708349987842638
115 0.0007204755849077316
116 0.0006642752688765796
117 0.0006435066741943274
118 0.000635222916375966
119 0.000569461883443978
120 0.0005128438035892913
121 0.0003918952251638075
122 0.000307632982515571
123 0.0002195361472523416
124 8.828912291747315e-05
125 1.542788814035134e-05
126 -0.0001835143041120091
127 -0.0002886449250283363
128 -0.0002649907080520819
129 -0.0003696100593142404
130 -0.0004378580176034319
131 -0.000491756894565043
132 -0.0005321457629250403
133 -0.0005689098370957879
134 -0.0005702343481637229
135 -0.0005848874655427494
136 -0.0006339908521191262
137 -0.0006426067219713616
138 -0.0006940887818061015
139 -0.0006595156390005741
140 -0.0005983542414185195
141 -0.0006653758670012166
142 -0.0006708850135588307
143 -0.000564026646054927
144 -0.0005478708083561656
145 -0.0005723376232857902
146 -0.0005260627324652489
147 -0.0003775446102629587
148 -0.0002697687638075763
149 -1.502114658791243e-05
150 0.0001244653649425942
151 0.0001756632707490269
152 0.0002947204571412954
153 0.0003539565212840046
154 0.0005171754790431748
155 0.0005933216688607246
156 0.0006172134392947726
157 0.0007126354753221875
158 0.000728603643846526
159 0.0007436895282566525
160 0.0007348297545455296
161 0.0006946883922580582
162 0.0006795015225655732
163 0.0006132400937985949
164 0.0005665277505393362
165 0.0004417674802059679
166 0.0003064525696707676
167 0.0001793441001574081
168 7.348761991821107e-05
169 7.096711087406504e-05
170 4.572548006009924e-06
171 -0.0001905820625580645
172 -0.0002398289162321987
173 -0.0002685335839807124
174 -0.0004214658037025032
175 -0.0003892833417111774
176 -0.0004734752349762061
177 -0.0005562712266726777
178 -0.0006565969857597054
179 -0.000756694409048464
180 -0.0007774102279309858
181 -0.0007219348180669272
182 -0.0005620153359799929
183 -0.0005663162055391524
184 -0.0005393625634333432
185 -0.0005462809546052938
186 -0.0004959188375011081
187 -0.0004776215996642463
188 -0.0004270813086240111
189 -0.0003353737726357053
190 -0.0002743732587386916
191 -8.802151108078249e-05
192 5.38352520162988e-05
193 0.0002175577664313977
194 0.000379238632476131
195 0.0004830137257272327
196 0.0006703732281216901
197 0.0008136121165769339
198 0.0009420209360389009
199 0.0009780831947239221
200 0.000967570739980772
201 0.0009246563993610124
202 0.0008775063161774455
203 0.0008216610989748574
204 0.0007173006985077279
205 0.0005952336634216238
206 0.000539635719231768
207 0.0003723173946443836
208 0.0002929691902924247
209 0.0001700685896803833
210 1.301154087940404e-05
211 -7.902324724540222e-05
212 -0.0001456369368213473
213 -0.0001656766718394209
214 -0.0002870069782829887
215 -0.0003983063318138136
216 -0.0004409687187489908
217 -0.0004941176483317378
218 -0.0006764627964415126
219 -0.0006128280069859215
220 -0.0006696148804561375
221 -0.0007024363148779855
222 -0.0006272080158744586
223 -0.0006434115975189059
224 -0.0007142161734527974
225 -0.0006038081817258956
226 -0.0005591163471159177
227 -0.0005396623758091579
228 -0.0004671964657312344
229 -0.0003507828853734907
230 -0.0002445543007496553
231 -0.0002247813198259507
232 -0.000273343940673243
233 -0.000100010227061631
234 0.0001443618021959026
235 0.000269170670387453
236 0.0004553860901985729
237 0.0005906251258878115
238 0.000657419583390606
239 0.0008176464967011299
240 0.0009720854421804148
241 0.001036543564662651
242 0.0009787282325142144
243 0.0009515461087019617
244 0.0009295327179010826
245 0.0008205424694693875
246 0.0007524140858272688
247 0.0006380025599312944
248 0.0005061696504498059
249 0.0003222984514508198
250 0.00015881661358641
251 0.0001015843018166152
252 -9.24732693157182e-05
253 -0.0001186436753837228
254 -0.0001410619799706581
255 -0.0003190702704998216
256 -0.0004372725644881115
257 -0.0004501854954703788
258 -0.0005130239621156107
259 -0.0006531760621122373
260 -0.000691535936514498
261 -0.0007316626108799795
262 -0.0006614467040790828
263 -0.0005650160693786432
264 -0.0005134850128385438
265 -0.0005094895394730514
266 -0.000448386149697555
267 -0.0005024524168888433
268 -0.0005632012269458642
269 -0.0004873736425867747
270 -0.0004181037158659251
271 -0.0003246755503809595
272 -0.0002307927591438386
273 -8.875422033227665e-05
274 0.0001196911860343874
275 0.0005554646938712438
276 0.0005754140353495529
277 0.0006535598750900817
278 0.0007206963733157323
279 0.0008061813572872722
280 0.0008484786859987992
281 0.001008313211219303
282 0.001097550936256297
283 0.001054268684081094
284 0.001012147005958752
285 0.000990263680273884
286 0.0008646744022158259
287 0.0007539093558079912
288 0.0006300840859161383
289 0.0005006741134820913
290 0.0003685984448935642
291 0.0002366036705581109
292 1.421989330196993e-05
293 -0.0001856037695411317
294 -0.0003733988373859631
295 -0.0003119303443384069
296 -0.0004292324129728797
297 -0.0004367213358342781
298 -0.0005320759072873216
299 -0.0005733363477773423
300 -0.0006617357706026894
301 -0.0006439372124624754
302 -0.0007030312409348483
303 -0.000718443270834257
304 -0.000682223711102381
305 -0.0007110197509376803
306 -0.0006036186910254315
307 -0.0004784957435202131
308 -0.0004253694483544734
309 -0.0005335670809216708
310 -0.0004411064606948401
311 -0.0003954077586350024
312 -0.000363778956462113
313 -0.0002980605588582819
314 -0.0001472522853518399
315 -9.371982991623895e-05
316 0.0002427391518526889
317 0.0005518568057780726
318 0.000633817760986588
319 0.0008105918832654879
320 0.0007803266611787762
321 0.0009335157295744523
322 0.001036828671173495
323 0.0009738182930796313
324 0.001023480594273707
325 0.001059839251070116
326 0.0009467542324266276
327 0.001009380646742386
328 0.0007782858497940026
329 0.0005576289570434767
330 0.0004583826314146222
331 0.0003592497815247953
332 8.391491461168243e-05
333 -3.616479427748232e-05
334 -0.0002955807125459842
335 -0.0003251576652019139
336 -0.0004483154479828499
337 -0.0005532629466777905
338 -0.0005379071209290487
339 -0.0006248502917891585
340 -0.0006826030577080644
341 -0.0007669095254136948
342 -0.0006680376989436354
343 -0.0007587695498187941
344 -0.0007592195081649322
345 -0.0006499123512497818
346 -0.0005760849240985522
347 -0.0005231643994960677
348 -0.0005691449958327155
349 -0.000545409562583643
350 -0.0006219187065088505
351 -0.0005109462167425249
352 -0.0004638880364602471
353 -0.0002140249121289628
354 -0.0001573999488364564
355 -0.0001648199193198252
356 7.672085618182223e-05
357 0.0003619405183385993
358 0.0005325770373953986
359 0.0006587221323268722
360 0.0007960900803443138
361 0.0009001638231183051
362 0.001023814524980793
363 0.001090366513654573
364 0.001109366391890632
365 0.001075701023665943
366 0.001090525921537022
367 0.0009547998505787803
368 0.0009625932345986854
369 0.0008183419775082967
370 0.0004828241770731267
371 0.0003990508371565227
372 0.0002764279019871196
373 0.0002343335006997904
374 -0.0001278511296476381
375 -0.0002945539095797756
376 -0.0003885412482524941
377 -0.0004214951282150992
378 -0.0005893999655821602
379 -0.0006655547434775144
380 -0.0007620318790877434
381 -0.0007830693525416876
382 -0.0007325777739186634
383 -0.0007658667781083039
384 -0.0008170984657489555
385 -0.0008012200962710381
386 -0.0007007329022705733
387 -0.0006468343966385959
388 -0.0006335043259504403
389 -0.0005564249553131617
390 -0.000677472466051654
391 -0.0006816064978778513
392 -0.0006675455832017008
393 -0.0006186869244295679
394 -0.0004260475737538627
395 -0.0001787147899783292
396 -2.899867686245727e-05
397 0.0001022360595896998
398 0.0003708944037139617
399 0.0006247297160513199
400 0.0007639954081248845
401 0.0007764445017350852
402 0.000948202513239238
403 0.001150801556129011
404 0.001089375151824612
405 0.001073660068044546
406 0.001114828809125612
407 0.001116995679689481
408 0.001018701266300326
409 0.0009062768518290909
410 0.000771953328674968
411 0.000644871420567128
412 0.0001748325684083341
413 -0.0001159745541094992
414 -0.0002076448321517432
415 -0.0004344390994646119
416 -0.0004788402153010907
417 -0.0005204741639666111
418 -0.0006308654964843896
419 -0.0006973942475028139
420 -0.0007193482842318133
421 -0.0006984913562817496
422 -0.0007315713144073754
423 -0.0007237664737687055
424 -0.0007789380381595379
425 -0.0007898382899078626
426 -0.0006554730617693849
427 -0.0007687140802943304
428 -0.0008188104027251342
429 -0.0006483307850455589
430 -0.000613126988930901
431 -0.0006171578632248043
432 -0.0005689599458822414
433 -0.0005668987808729042
434 -0.0004057343106733668
435 -0.0002816158997660523
436 -5.534762786751912e-05
437 8.832478435039093e-05
438 0.0003529727717790365
439 0.0006350399643029192
440 0.0007935198329054316
441 0.0009371424308355358
442 0.0009992093155890558
443 0.001075088743460739
444 0.001243363180925883
445 0.001270189358436369
446 0.001204060314911715
447 0.00126422226420253
448 0.001096324376616664
449 0.000955520056368897
450 0.000813665103702732
451 0.0006742811277007377
452 0.0001667260775839452
453 -0.0001431561664659853
454 -0.0003847174398181608
455 -0.0004922210878071098
456 -0.0005485531393745191
457 -0.0005854401858478298
458 -0.0009139634850203748
459 -0.0008488034073153017
460 -0.0009347801739174599
461 -0.0009107681982420957
462 -0.000894370538890854
463 -0.0008998128591102272
464 -0.0008908547863626382
465 -0.0008997931137670889
466 -0.0007999017399686892
467 -0.0007592635912310186
468 -0.0007746222683451265
469 -0.0006044759115173548
470 -0.0006871235840080203
471 -0.0006914358529925835
472 -0.0006572438883587495
473 -0.0005075252518995654
474 -0.0003945264768567824
475 -0.0002777034214762608
476 -0.0003374573481966792
477 -9.968435198359771e-05
478 0.0003957915408534518
479 0.0006014165078234157
480 0.0007836399961220764
481 0.000823153383667119
482 0.0008527907637514431
483 0.001036433731009367
484 0.001247961787138152
485 0.001231162436905464
486 0.001236252107528202
487 0.001193695149506624
488 0.001155774907093843
489 0.0009830669719690377
490 0.0008198905887333297
491 0.0006913180793901574
492 0.0001977193770414942
493 -8.155088256245335e-05
494 -0.0003491119751153349
495 -0.0004946473095337467
496 -0.0005731378978204305
497 -0.0007786345380864645
498 -0.0008372638303022484
499 -0.0009061068382081316
500 -0.0008361209324512231
