"inlet-mass-rfile"
"Iteration" "inlet-mass"
("Iteration" "inlet-mass")
1 197.5802500000002
2 197.5802500000002
3 197.5802500000002
4 197.5802500000002
5 197.5802500000002
6 197.5802500000002
7 197.5802500000002
8 197.5802500000002
9 197.5802500000002
10 197.5802500000002
11 197.5802500000002
12 197.5802500000002
13 197.5802500000002
14 197.5802500000002
15 197.5802500000002
16 197.5802500000002
17 197.5802500000002
18 197.5802500000002
19 197.5802500000002
20 197.5802500000002
21 197.5802500000002
22 197.5802500000002
23 197.5802500000002
24 197.5802500000002
25 197.5802500000002
26 197.5802500000002
27 197.5802500000002
28 197.5802500000002
29 197.5802500000002
30 197.5802500000002
31 197.5802500000002
32 197.5802500000002
33 197.5802500000002
34 197.5802500000002
35 197.5802500000002
36 197.5802500000002
37 197.5802500000002
38 197.5802500000002
39 197.5802500000002
40 197.5802500000002
41 197.5802500000002
42 197.5802500000002
43 197.5802500000002
44 197.5802500000002
45 197.5802500000002
46 197.5802500000002
47 197.5802500000002
48 197.5802500000002
49 197.5802500000002
50 197.5802500000002
51 197.5802500000002
52 197.5802500000002
53 197.5802500000002
54 197.5802500000002
55 197.5802500000002
56 197.5802500000002
57 197.5802500000002
58 197.5802500000002
59 197.5802500000002
60 197.5802500000002
61 197.5802500000002
62 197.5802500000002
63 197.5802500000002
64 197.5802500000002
65 197.5802500000002
66 197.5802500000002
67 197.5802500000002
68 197.5802500000002
69 197.5802500000002
70 197.5802500000002
71 197.5802500000002
72 197.5802500000002
73 197.5802500000002
74 197.5802500000002
75 197.5802500000002
76 197.5802500000002
77 197.5802500000002
78 197.5802500000002
79 197.5802500000002
80 197.5802500000002
81 197.5802500000002
82 197.5802500000002
83 197.5802500000002
84 197.5802500000002
85 197.5802500000002
86 197.5802500000002
87 197.5802500000002
88 197.5802500000002
89 197.5802500000002
90 197.5802500000002
91 197.5802500000002
92 197.5802500000002
93 197.5802500000002
94 197.5802500000002
95 197.5802500000002
96 197.5802500000002
97 197.5802500000002
98 197.5802500000002
99 197.5802500000002
100 197.5802500000002
101 197.5802500000002
102 197.5802500000002
103 197.5802500000002
104 197.5802500000002
105 197.5802500000002
106 197.5802500000002
107 197.5802500000002
108 197.5802500000002
109 197.5802500000002
110 197.5802500000002
111 197.5802500000002
112 197.5802500000002
113 197.5802500000002
114 197.5802500000002
115 197.5802500000002
116 197.5802500000002
117 197.5802500000002
118 197.5802500000002
119 197.5802500000002
120 197.5802500000002
121 197.5802500000002
122 197.5802500000002
123 197.5802500000002
124 197.5802500000002
125 197.5802500000002
126 197.5802500000002
127 197.5802500000002
128 197.5802500000002
129 197.5802500000002
130 197.5802500000002
131 197.5802500000002
132 197.5802500000002
133 197.5802500000002
134 197.5802500000002
135 197.5802500000002
136 197.5802500000002
137 197.5802500000002
138 197.5802500000002
139 197.5802500000002
140 197.5802500000002
141 197.5802500000002
142 197.5802500000002
143 197.5802500000002
144 197.5802500000002
145 197.5802500000002
146 197.5802500000002
147 197.5802500000002
148 197.5802500000002
149 197.5802500000002
150 197.5802500000002
151 197.5802500000002
152 197.5802500000002
153 197.5802500000002
154 197.5802500000002
155 197.5802500000002
156 197.5802500000002
157 197.5802500000002
158 197.5802500000002
159 197.5802500000002
160 197.5802500000002
161 197.5802500000002
162 197.5802500000002
163 197.5802500000002
164 197.5802500000002
165 197.5802500000002
166 197.5802500000002
167 197.5802500000002
168 197.5802500000002
169 197.5802500000002
170 197.5802500000002
171 197.5802500000002
172 197.5802500000002
173 197.5802500000002
174 197.5802500000002
175 197.5802500000002
176 197.5802500000002
177 197.5802500000002
178 197.5802500000002
179 197.5802500000002
180 197.5802500000002
181 197.5802500000002
182 197.5802500000002
183 197.5802500000002
184 197.5802500000002
185 197.5802500000002
186 197.5802500000002
187 197.5802500000002
188 197.5802500000002
189 197.5802500000002
190 197.5802500000002
191 197.5802500000002
192 197.5802500000002
193 197.5802500000002
194 197.5802500000002
195 197.5802500000002
196 197.5802500000002
197 197.5802500000002
198 197.5802500000002
199 197.5802500000002
200 197.5802500000002
201 197.5802500000002
202 197.5802500000002
203 197.5802500000002
204 197.5802500000002
205 197.5802500000002
206 197.5802500000002
207 197.5802500000002
208 197.5802500000002
209 197.5802500000002
210 197.5802500000002
211 197.5802500000002
212 197.5802500000002
213 197.5802500000002
214 197.5802500000002
215 197.5802500000002
216 197.5802500000002
217 197.5802500000002
218 197.5802500000002
219 197.5802500000002
220 197.5802500000002
221 197.5802500000002
222 197.5802500000002
223 197.5802500000002
224 197.5802500000002
225 197.5802500000002
226 197.5802500000002
227 197.5802500000002
228 197.5802500000002
229 197.5802500000002
230 197.5802500000002
231 197.5802500000002
232 197.5802500000002
233 197.5802500000002
234 197.5802500000002
235 197.5802500000002
236 197.5802500000002
237 197.5802500000002
238 197.5802500000002
239 197.5802500000002
240 197.5802500000002
241 197.5802500000002
242 197.5802500000002
243 197.5802500000002
244 197.5802500000002
245 197.5802500000002
246 197.5802500000002
247 197.5802500000002
248 197.5802500000002
249 197.5802500000002
250 197.5802500000002
251 197.5802500000002
252 197.5802500000002
253 197.5802500000002
254 197.5802500000002
255 197.5802500000002
256 197.5802500000002
257 197.5802500000002
258 197.5802500000002
259 197.5802500000002
260 197.5802500000002
261 197.5802500000002
262 197.5802500000002
263 197.5802500000002
264 197.5802500000002
265 197.5802500000002
266 197.5802500000002
267 197.5802500000002
268 197.5802500000002
269 197.5802500000002
270 197.5802500000002
271 197.5802500000002
272 197.5802500000002
273 197.5802500000002
274 197.5802500000002
275 197.5802500000002
276 197.5802500000002
277 197.5802500000002
278 197.5802500000002
279 197.5802500000002
280 197.5802500000002
281 197.5802500000002
282 197.5802500000002
283 197.5802500000002
284 197.5802500000002
285 197.5802500000002
286 197.5802500000002
287 197.5802500000002
288 197.5802500000002
289 197.5802500000002
290 197.5802500000002
291 197.5802500000002
292 197.5802500000002
293 197.5802500000002
294 197.5802500000002
295 197.5802500000002
296 197.5802500000002
297 197.5802500000002
298 197.5802500000002
299 197.5802500000002
300 197.5802500000002
301 197.5802500000002
302 197.5802500000002
303 197.5802500000002
304 197.5802500000002
305 197.5802500000002
306 197.5802500000002
307 197.5802500000002
308 197.5802500000002
309 197.5802500000002
310 197.5802500000002
311 197.5802500000002
312 197.5802500000002
313 197.5802500000002
314 197.5802500000002
315 197.5802500000002
316 197.5802500000002
317 197.5802500000002
318 197.5802500000002
319 197.5802500000002
320 197.5802500000002
321 197.5802500000002
322 197.5802500000002
323 197.5802500000002
324 197.5802500000002
325 197.5802500000002
326 197.5802500000002
327 197.5802500000002
328 197.5802500000002
329 197.5802500000002
330 197.5802500000002
331 197.5802500000002
332 197.5802500000002
333 197.5802500000002
334 197.5802500000002
335 197.5802500000002
336 197.5802500000002
337 197.5802500000002
338 197.5802500000002
339 197.5802500000002
340 197.5802500000002
341 197.5802500000002
342 197.5802500000002
343 197.5802500000002
344 197.5802500000002
345 197.5802500000002
346 197.5802500000002
347 197.5802500000002
348 197.5802500000002
349 197.5802500000002
350 197.5802500000002
351 197.5802500000002
352 197.5802500000002
353 197.5802500000002
354 197.5802500000002
355 197.5802500000002
356 197.5802500000002
357 197.5802500000002
358 197.5802500000002
359 197.5802500000002
360 197.5802500000002
361 197.5802500000002
362 197.5802500000002
363 197.5802500000002
364 197.5802500000002
365 197.5802500000002
366 197.5802500000002
367 197.5802500000002
368 197.5802500000002
369 197.5802500000002
370 197.5802500000002
371 197.5802500000002
372 197.5802500000002
373 197.5802500000002
374 197.5802500000002
375 197.5802500000002
376 197.5802500000002
377 197.5802500000002
378 197.5802500000002
379 197.5802500000002
380 197.5802500000002
381 197.5802500000002
382 197.5802500000002
383 197.5802500000002
384 197.5802500000002
385 197.5802500000002
386 197.5802500000002
387 197.5802500000002
388 197.5802500000002
389 197.5802500000002
390 197.5802500000002
391 197.5802500000002
392 197.5802500000002
393 197.5802500000002
394 197.5802500000002
395 197.5802500000002
396 197.5802500000002
397 197.5802500000002
398 197.5802500000002
399 197.5802500000002
400 197.5802500000002
401 197.5802500000002
402 197.5802500000002
403 197.5802500000002
404 197.5802500000002
405 197.5802500000002
406 197.5802500000002
407 197.5802500000002
408 197.5802500000002
409 197.5802500000002
410 197.5802500000002
411 197.5802500000002
412 197.5802500000002
413 197.5802500000002
414 197.5802500000002
415 197.5802500000002
416 197.5802500000002
417 197.5802500000002
418 197.5802500000002
419 197.5802500000002
420 197.5802500000002
421 197.5802500000002
422 197.5802500000002
423 197.5802500000002
424 197.5802500000002
425 197.5802500000002
426 197.5802500000002
427 197.5802500000002
428 197.5802500000002
429 197.5802500000002
430 197.5802500000002
431 197.5802500000002
432 197.5802500000002
433 197.5802500000002
434 197.5802500000002
435 197.5802500000002
436 197.5802500000002
437 197.5802500000002
438 197.5802500000002
439 197.5802500000002
440 197.5802500000002
441 197.5802500000002
442 197.5802500000002
443 197.5802500000002
444 197.5802500000002
445 197.5802500000002
446 197.5802500000002
447 197.5802500000002
448 197.5802500000002
449 197.5802500000002
450 197.5802500000002
451 197.5802500000002
452 197.5802500000002
453 197.5802500000002
454 197.5802500000002
455 197.5802500000002
456 197.5802500000002
457 197.5802500000002
458 197.5802500000002
459 197.5802500000002
460 197.5802500000002
461 197.5802500000002
462 197.5802500000002
463 197.5802500000002
464 197.5802500000002
465 197.5802500000002
466 197.5802500000002
467 197.5802500000002
468 197.5802500000002
469 197.5802500000002
470 197.5802500000002
471 197.5802500000002
472 197.5802500000002
473 197.5802500000002
474 197.5802500000002
475 197.5802500000002
476 197.5802500000002
477 197.5802500000002
478 197.5802500000002
479 197.5802500000002
480 197.5802500000002
481 197.5802500000002
482 197.5802500000002
483 197.5802500000002
484 197.5802500000002
485 197.5802500000002
486 197.5802500000002
487 197.5802500000002
488 197.5802500000002
489 197.5802500000002
490 197.5802500000002
491 197.5802500000002
492 197.5802500000002
493 197.5802500000002
494 197.5802500000002
495 197.5802500000002
496 197.5802500000002
497 197.5802500000002
498 197.5802500000002
499 197.5802500000002
500 197.5802500000002
